0 info it worked if it ends with ok
1 verbose cli [ 'node', '/usr/local/bin/npm', 'install' ]
2 info using npm@2.11.3
3 info using node@v0.12.7
4 verbose readDependencies loading dependencies from /Users/sotaque/Desktop/Vagrant/www/html/laravel/package.json
5 verbose install where, deps [ '/Users/sotaque/Desktop/Vagrant/www/html/laravel',
5 verbose install   [ 'laravel-elixir', 'bootstrap-sass', 'gulp' ] ]
6 verbose install where, peers [ '/Users/sotaque/Desktop/Vagrant/www/html/laravel', [] ]
7 verbose installManyTop reading for lifecycle /Users/sotaque/Desktop/Vagrant/www/html/laravel/package.json
8 info preinstall @
9 verbose readDependencies loading dependencies from /Users/sotaque/Desktop/Vagrant/www/html/laravel/package.json
10 silly cache add args [ 'laravel-elixir@^2.0.0', null ]
11 verbose cache add spec laravel-elixir@^2.0.0
12 silly cache add args [ 'bootstrap-sass@^3.0.0', null ]
13 verbose cache add spec bootstrap-sass@^3.0.0
14 silly cache add parsed spec { raw: 'laravel-elixir@^2.0.0',
14 silly cache add   scope: null,
14 silly cache add   name: 'laravel-elixir',
14 silly cache add   rawSpec: '^2.0.0',
14 silly cache add   spec: '>=2.0.0 <3.0.0',
14 silly cache add   type: 'range' }
15 silly addNamed laravel-elixir@>=2.0.0 <3.0.0
16 verbose addNamed ">=2.0.0 <3.0.0" is a valid semver range for laravel-elixir
17 silly addNameRange { name: 'laravel-elixir',
17 silly addNameRange   range: '>=2.0.0 <3.0.0',
17 silly addNameRange   hasData: false }
18 silly mapToRegistry name laravel-elixir
19 silly mapToRegistry using default registry
20 silly mapToRegistry registry https://registry.npmjs.org/
21 silly mapToRegistry uri https://registry.npmjs.org/laravel-elixir
22 verbose addNameRange registry:https://registry.npmjs.org/laravel-elixir not in flight; fetching
23 silly cache add parsed spec { raw: 'bootstrap-sass@^3.0.0',
23 silly cache add   scope: null,
23 silly cache add   name: 'bootstrap-sass',
23 silly cache add   rawSpec: '^3.0.0',
23 silly cache add   spec: '>=3.0.0 <4.0.0',
23 silly cache add   type: 'range' }
24 silly addNamed bootstrap-sass@>=3.0.0 <4.0.0
25 verbose addNamed ">=3.0.0 <4.0.0" is a valid semver range for bootstrap-sass
26 silly addNameRange { name: 'bootstrap-sass',
26 silly addNameRange   range: '>=3.0.0 <4.0.0',
26 silly addNameRange   hasData: false }
27 silly mapToRegistry name bootstrap-sass
28 silly mapToRegistry using default registry
29 silly mapToRegistry registry https://registry.npmjs.org/
30 silly mapToRegistry uri https://registry.npmjs.org/bootstrap-sass
31 verbose addNameRange registry:https://registry.npmjs.org/bootstrap-sass not in flight; fetching
32 silly cache add args [ 'gulp@^3.8.8', null ]
33 verbose cache add spec gulp@^3.8.8
34 silly cache add parsed spec { raw: 'gulp@^3.8.8',
34 silly cache add   scope: null,
34 silly cache add   name: 'gulp',
34 silly cache add   rawSpec: '^3.8.8',
34 silly cache add   spec: '>=3.8.8 <4.0.0',
34 silly cache add   type: 'range' }
35 silly addNamed gulp@>=3.8.8 <4.0.0
36 verbose addNamed ">=3.8.8 <4.0.0" is a valid semver range for gulp
37 silly addNameRange { name: 'gulp', range: '>=3.8.8 <4.0.0', hasData: false }
38 silly mapToRegistry name gulp
39 silly mapToRegistry using default registry
40 silly mapToRegistry registry https://registry.npmjs.org/
41 silly mapToRegistry uri https://registry.npmjs.org/gulp
42 verbose addNameRange registry:https://registry.npmjs.org/gulp not in flight; fetching
43 verbose request uri https://registry.npmjs.org/bootstrap-sass
44 verbose request no auth needed
45 info attempt registry request try #1 at 17:56:01
46 verbose request id 4ee50bf42d5681bb
47 http request GET https://registry.npmjs.org/bootstrap-sass
48 verbose request uri https://registry.npmjs.org/gulp
49 verbose request no auth needed
50 info attempt registry request try #1 at 17:56:01
51 verbose etag "EMW21MM61F1UY8UO7UTOKT6F5"
52 http request GET https://registry.npmjs.org/gulp
53 verbose request uri https://registry.npmjs.org/laravel-elixir
54 verbose request no auth needed
55 info attempt registry request try #1 at 17:56:01
56 verbose etag "26TZBR2WLIARVN8L7Y78L0QLO"
57 http request GET https://registry.npmjs.org/laravel-elixir
58 http 304 https://registry.npmjs.org/laravel-elixir
59 silly get cb [ 304,
59 silly get   { date: 'Mon, 27 Jul 2015 20:56:01 GMT',
59 silly get     via: '1.1 varnish',
59 silly get     'cache-control': 'max-age=60',
59 silly get     etag: '"26TZBR2WLIARVN8L7Y78L0QLO"',
59 silly get     age: '0',
59 silly get     connection: 'keep-alive',
59 silly get     'x-served-by': 'cache-iad2121-IAD',
59 silly get     'x-cache': 'HIT',
59 silly get     'x-cache-hits': '1',
59 silly get     'x-timer': 'S1438030561.096570,VS0,VE54',
59 silly get     vary: 'Accept' } ]
60 verbose etag https://registry.npmjs.org/laravel-elixir from cache
61 verbose get saving laravel-elixir to /Users/sotaque/.npm/registry.npmjs.org/laravel-elixir/.cache.json
62 http 304 https://registry.npmjs.org/gulp
63 silly get cb [ 304,
63 silly get   { date: 'Mon, 27 Jul 2015 20:56:01 GMT',
63 silly get     via: '1.1 varnish',
63 silly get     'cache-control': 'max-age=60',
63 silly get     etag: '"EMW21MM61F1UY8UO7UTOKT6F5"',
63 silly get     age: '9',
63 silly get     connection: 'keep-alive',
63 silly get     'x-served-by': 'cache-iad2134-IAD',
63 silly get     'x-cache': 'HIT',
63 silly get     'x-cache-hits': '1',
63 silly get     'x-timer': 'S1438030561.151468,VS0,VE1',
63 silly get     vary: 'Accept' } ]
64 verbose etag https://registry.npmjs.org/gulp from cache
65 verbose get saving gulp to /Users/sotaque/.npm/registry.npmjs.org/gulp/.cache.json
66 silly addNameRange number 2 { name: 'laravel-elixir',
66 silly addNameRange   range: '>=2.0.0 <3.0.0',
66 silly addNameRange   hasData: true }
67 silly addNameRange versions [ 'laravel-elixir',
67 silly addNameRange   [ '0.1.0',
67 silly addNameRange     '0.1.1',
67 silly addNameRange     '0.1.2',
67 silly addNameRange     '0.1.3',
67 silly addNameRange     '0.1.4',
67 silly addNameRange     '0.1.5',
67 silly addNameRange     '0.1.6',
67 silly addNameRange     '0.1.7',
67 silly addNameRange     '0.1.8',
67 silly addNameRange     '0.1.9',
67 silly addNameRange     '0.2.0',
67 silly addNameRange     '0.2.1',
67 silly addNameRange     '0.2.2',
67 silly addNameRange     '0.3.0',
67 silly addNameRange     '0.3.1',
67 silly addNameRange     '0.3.2',
67 silly addNameRange     '0.3.3',
67 silly addNameRange     '0.3.4',
67 silly addNameRange     '0.3.5',
67 silly addNameRange     '0.3.7',
67 silly addNameRange     '0.3.8',
67 silly addNameRange     '0.3.9',
67 silly addNameRange     '0.3.10',
67 silly addNameRange     '0.3.11',
67 silly addNameRange     '0.4.0',
67 silly addNameRange     '0.4.1',
67 silly addNameRange     '0.4.3',
67 silly addNameRange     '0.4.4',
67 silly addNameRange     '0.4.5',
67 silly addNameRange     '0.4.6',
67 silly addNameRange     '0.4.7',
67 silly addNameRange     '0.4.8',
67 silly addNameRange     '0.4.9',
67 silly addNameRange     '0.4.10',
67 silly addNameRange     '0.4.11',
67 silly addNameRange     '0.4.12',
67 silly addNameRange     '0.4.13',
67 silly addNameRange     '0.4.14',
67 silly addNameRange     '0.4.15',
67 silly addNameRange     '0.4.16',
67 silly addNameRange     '0.4.17',
67 silly addNameRange     '0.5.0',
67 silly addNameRange     '0.5.1',
67 silly addNameRange     '0.5.2',
67 silly addNameRange     '0.5.3',
67 silly addNameRange     '0.5.4',
67 silly addNameRange     '0.5.5',
67 silly addNameRange     '0.5.6',
67 silly addNameRange     '0.5.7',
67 silly addNameRange     '0.5.8',
67 silly addNameRange     '0.6.0',
67 silly addNameRange     '0.6.1',
67 silly addNameRange     '0.6.2',
67 silly addNameRange     '0.6.3',
67 silly addNameRange     '0.6.4',
67 silly addNameRange     '0.6.5',
67 silly addNameRange     '0.6.6',
67 silly addNameRange     '0.7.0',
67 silly addNameRange     '0.6.7',
67 silly addNameRange     '0.6.8',
67 silly addNameRange     '0.7.1',
67 silly addNameRange     '0.7.3',
67 silly addNameRange     '0.7.4',
67 silly addNameRange     '0.7.5',
67 silly addNameRange     '0.7.6',
67 silly addNameRange     '0.7.7',
67 silly addNameRange     '0.7.8',
67 silly addNameRange     '0.7.9',
67 silly addNameRange     '0.7.10',
67 silly addNameRange     '0.7.11',
67 silly addNameRange     '0.8.0',
67 silly addNameRange     '0.8.1',
67 silly addNameRange     '0.9.1',
67 silly addNameRange     '0.10.0',
67 silly addNameRange     '0.10.1',
67 silly addNameRange     '0.10.2',
67 silly addNameRange     '0.10.3',
67 silly addNameRange     '0.10.4',
67 silly addNameRange     '0.10.5',
67 silly addNameRange     '0.10.6',
67 silly addNameRange     '0.10.7',
67 silly addNameRange     '0.11.0',
67 silly addNameRange     '0.12.0',
67 silly addNameRange     '0.12.2',
67 silly addNameRange     '0.12.3',
67 silly addNameRange     '0.13.0',
67 silly addNameRange     '0.13.1',
67 silly addNameRange     '0.13.2',
67 silly addNameRange     '0.13.3',
67 silly addNameRange     '0.14.0',
67 silly addNameRange     '0.14.2',
67 silly addNameRange     '0.14.3',
67 silly addNameRange     '0.14.4',
67 silly addNameRange     '0.15.0',
67 silly addNameRange     '0.15.1',
67 silly addNameRange     '0.15.2',
67 silly addNameRange     '0.15.3',
67 silly addNameRange     '0.15.4',
67 silly addNameRange     '0.15.5',
67 silly addNameRange     '0.16.0',
67 silly addNameRange     '0.16.1',
67 silly addNameRange     '0.16.2',
67 silly addNameRange     '0.16.3',
67 silly addNameRange     '0.18.0',
67 silly addNameRange     '0.18.1',
67 silly addNameRange     '0.18.2',
67 silly addNameRange     '0.18.3',
67 silly addNameRange     '0.18.4',
67 silly addNameRange     '0.18.5',
67 silly addNameRange     '0.18.6',
67 silly addNameRange     '0.18.7',
67 silly addNameRange     '1.0.1',
67 silly addNameRange     '1.0.2',
67 silly addNameRange     '1.0.3',
67 silly addNameRange     '2.0.0',
67 silly addNameRange     '2.0.1',
67 silly addNameRange     '2.1.0',
67 silly addNameRange     '2.1.1',
67 silly addNameRange     '2.1.2',
67 silly addNameRange     '2.2.0',
67 silly addNameRange     '2.2.1',
67 silly addNameRange     '2.2.2',
67 silly addNameRange     '2.2.3',
67 silly addNameRange     '2.2.4',
67 silly addNameRange     '2.3.0',
67 silly addNameRange     '2.3.1',
67 silly addNameRange     '2.3.2',
67 silly addNameRange     '2.3.3',
67 silly addNameRange     '2.3.4',
67 silly addNameRange     '2.3.5',
67 silly addNameRange     '2.3.6',
67 silly addNameRange     '2.3.8',
67 silly addNameRange     '2.3.9',
67 silly addNameRange     '2.3.10',
67 silly addNameRange     '2.3.11',
67 silly addNameRange     '2.3.12',
67 silly addNameRange     '2.3.13',
67 silly addNameRange     '3.0.0-beta1',
67 silly addNameRange     '3.0.0-beta2',
67 silly addNameRange     '3.0.0',
67 silly addNameRange     '3.0.1',
67 silly addNameRange     '3.0.3',
67 silly addNameRange     '3.0.4',
67 silly addNameRange     '3.0.5' ] ]
68 silly addNamed laravel-elixir@2.3.13
69 verbose addNamed "2.3.13" is a plain semver version for laravel-elixir
70 silly addNameRange number 2 { name: 'gulp', range: '>=3.8.8 <4.0.0', hasData: true }
71 silly addNameRange versions [ 'gulp',
71 silly addNameRange   [ '0.0.1',
71 silly addNameRange     '0.0.2',
71 silly addNameRange     '0.0.3',
71 silly addNameRange     '0.0.4',
71 silly addNameRange     '0.0.5',
71 silly addNameRange     '0.0.7',
71 silly addNameRange     '0.0.8',
71 silly addNameRange     '0.0.9',
71 silly addNameRange     '0.1.0',
71 silly addNameRange     '0.2.0',
71 silly addNameRange     '1.0.0',
71 silly addNameRange     '1.1.0',
71 silly addNameRange     '1.2.0',
71 silly addNameRange     '1.2.1',
71 silly addNameRange     '2.0.0',
71 silly addNameRange     '2.0.1',
71 silly addNameRange     '2.1.0',
71 silly addNameRange     '2.2.0',
71 silly addNameRange     '2.3.0',
71 silly addNameRange     '2.4.0',
71 silly addNameRange     '2.4.1',
71 silly addNameRange     '2.6.0',
71 silly addNameRange     '2.6.1',
71 silly addNameRange     '2.7.0',
71 silly addNameRange     '3.0.0',
71 silly addNameRange     '3.1.1',
71 silly addNameRange     '3.1.2',
71 silly addNameRange     '3.1.3',
71 silly addNameRange     '3.1.4',
71 silly addNameRange     '3.2.0',
71 silly addNameRange     '3.2.1',
71 silly addNameRange     '3.2.2',
71 silly addNameRange     '3.2.3',
71 silly addNameRange     '3.2.4',
71 silly addNameRange     '3.2.5',
71 silly addNameRange     '3.3.0',
71 silly addNameRange     '3.3.1',
71 silly addNameRange     '3.3.2',
71 silly addNameRange     '3.3.4',
71 silly addNameRange     '3.4.0',
71 silly addNameRange     '3.5.0',
71 silly addNameRange     '3.5.1',
71 silly addNameRange     '3.5.2',
71 silly addNameRange     '3.5.5',
71 silly addNameRange     '3.5.6',
71 silly addNameRange     '3.6.0',
71 silly addNameRange     '3.6.1',
71 silly addNameRange     '3.6.2',
71 silly addNameRange     '3.7.0',
71 silly addNameRange     '3.8.0',
71 silly addNameRange     '3.8.1',
71 silly addNameRange     '3.8.2',
71 silly addNameRange     '3.8.3',
71 silly addNameRange     '3.8.4',
71 silly addNameRange     '3.8.5',
71 silly addNameRange     '3.8.6',
71 silly addNameRange     '3.8.7',
71 silly addNameRange     '3.8.8',
71 silly addNameRange     '3.8.9',
71 silly addNameRange     '3.8.10',
71 silly addNameRange     '3.8.11',
71 silly addNameRange     '3.9.0' ] ]
72 silly addNamed gulp@3.9.0
73 verbose addNamed "3.9.0" is a plain semver version for gulp
74 silly mapToRegistry name laravel-elixir
75 silly mapToRegistry using default registry
76 silly mapToRegistry registry https://registry.npmjs.org/
77 silly mapToRegistry uri https://registry.npmjs.org/laravel-elixir
78 verbose addRemoteTarball https://registry.npmjs.org/laravel-elixir/-/laravel-elixir-2.3.13.tgz not in flight; adding
79 verbose addRemoteTarball [ 'https://registry.npmjs.org/laravel-elixir/-/laravel-elixir-2.3.13.tgz',
79 verbose addRemoteTarball   'cdfa7bacc2601cfd38288c53fcd9f38126de3d8f' ]
80 silly cache afterAdd gulp@3.9.0
81 verbose afterAdd /Users/sotaque/.npm/gulp/3.9.0/package/package.json not in flight; writing
82 info retry fetch attempt 1 at 17:56:02
83 info attempt registry request try #1 at 17:56:02
84 http fetch GET https://registry.npmjs.org/laravel-elixir/-/laravel-elixir-2.3.13.tgz
85 verbose afterAdd /Users/sotaque/.npm/gulp/3.9.0/package/package.json written
86 http 200 https://registry.npmjs.org/bootstrap-sass
87 silly get cb [ 200,
87 silly get   { server: 'CouchDB/1.5.0 (Erlang OTP/R16B03)',
87 silly get     etag: '"6FQ8ZO5L8XNP3IOWS7O0Z6J5N"',
87 silly get     'content-type': 'application/json',
87 silly get     'cache-control': 'max-age=60',
87 silly get     'content-length': '24240',
87 silly get     'accept-ranges': 'bytes',
87 silly get     date: 'Mon, 27 Jul 2015 20:56:01 GMT',
87 silly get     via: '1.1 varnish',
87 silly get     age: '0',
87 silly get     connection: 'keep-alive',
87 silly get     'x-served-by': 'cache-iad2132-IAD',
87 silly get     'x-cache': 'HIT',
87 silly get     'x-cache-hits': '1',
87 silly get     'x-timer': 'S1438030561.118438,VS0,VE85',
87 silly get     vary: 'Accept' } ]
88 verbose get saving bootstrap-sass to /Users/sotaque/.npm/registry.npmjs.org/bootstrap-sass/.cache.json
89 silly addNameRange number 2 { name: 'bootstrap-sass',
89 silly addNameRange   range: '>=3.0.0 <4.0.0',
89 silly addNameRange   hasData: true }
90 silly addNameRange versions [ 'bootstrap-sass',
90 silly addNameRange   [ '2.3.2',
90 silly addNameRange     '3.1.1',
90 silly addNameRange     '3.2.0',
90 silly addNameRange     '3.3.0',
90 silly addNameRange     '3.3.1',
90 silly addNameRange     '3.3.2',
90 silly addNameRange     '3.3.3',
90 silly addNameRange     '3.3.4',
90 silly addNameRange     '3.3.5' ] ]
91 silly addNamed bootstrap-sass@3.3.5
92 verbose addNamed "3.3.5" is a plain semver version for bootstrap-sass
93 silly mapToRegistry name bootstrap-sass
94 silly mapToRegistry using default registry
95 silly mapToRegistry registry https://registry.npmjs.org/
96 silly mapToRegistry uri https://registry.npmjs.org/bootstrap-sass
97 verbose addRemoteTarball https://registry.npmjs.org/bootstrap-sass/-/bootstrap-sass-3.3.5.tgz not in flight; adding
98 verbose addRemoteTarball [ 'https://registry.npmjs.org/bootstrap-sass/-/bootstrap-sass-3.3.5.tgz',
98 verbose addRemoteTarball   '89f213751ee01cde0dc1f63a51e9b3521dd20ebc' ]
99 info retry fetch attempt 1 at 17:56:02
100 info attempt registry request try #1 at 17:56:02
101 http fetch GET https://registry.npmjs.org/bootstrap-sass/-/bootstrap-sass-3.3.5.tgz
102 http fetch 200 https://registry.npmjs.org/laravel-elixir/-/laravel-elixir-2.3.13.tgz
103 silly fetchAndShaCheck shasum cdfa7bacc2601cfd38288c53fcd9f38126de3d8f
104 verbose addTmpTarball /var/folders/3j/05ht19h11bq5657hms8qhhg80000gq/T/npm-4592-0a440a32/registry.npmjs.org/laravel-elixir/-/laravel-elixir-2.3.13.tgz not in flight; adding
105 verbose addTmpTarball already have metadata; skipping unpack for laravel-elixir@2.3.13
106 silly cache afterAdd laravel-elixir@2.3.13
107 verbose afterAdd /Users/sotaque/.npm/laravel-elixir/2.3.13/package/package.json not in flight; writing
108 verbose afterAdd /Users/sotaque/.npm/laravel-elixir/2.3.13/package/package.json written
109 http fetch 200 https://registry.npmjs.org/bootstrap-sass/-/bootstrap-sass-3.3.5.tgz
110 silly fetchAndShaCheck shasum 89f213751ee01cde0dc1f63a51e9b3521dd20ebc
111 verbose addTmpTarball /var/folders/3j/05ht19h11bq5657hms8qhhg80000gq/T/npm-4592-0a440a32/registry.npmjs.org/bootstrap-sass/-/bootstrap-sass-3.3.5.tgz not in flight; adding
112 verbose addTmpTarball already have metadata; skipping unpack for bootstrap-sass@3.3.5
113 silly cache afterAdd bootstrap-sass@3.3.5
114 verbose afterAdd /Users/sotaque/.npm/bootstrap-sass/3.3.5/package/package.json not in flight; writing
115 verbose afterAdd /Users/sotaque/.npm/bootstrap-sass/3.3.5/package/package.json written
116 silly install resolved [ { name: 'gulp',
116 silly install resolved     description: 'The streaming build system',
116 silly install resolved     version: '3.9.0',
116 silly install resolved     homepage: 'http://gulpjs.com',
116 silly install resolved     repository: { type: 'git', url: 'git+https://github.com/gulpjs/gulp.git' },
116 silly install resolved     author:
116 silly install resolved      { name: 'Fractal',
116 silly install resolved        email: 'contact@wearefractal.com',
116 silly install resolved        url: 'http://wearefractal.com/' },
116 silly install resolved     tags: [ 'build', 'stream', 'system', 'make', 'tool', 'asset', 'pipeline' ],
116 silly install resolved     files: [ 'index.js', 'lib', 'bin', 'completion' ],
116 silly install resolved     bin: { gulp: './bin/gulp.js' },
116 silly install resolved     man: [ 'gulp.1' ],
116 silly install resolved     dependencies:
116 silly install resolved      { archy: '^1.0.0',
116 silly install resolved        chalk: '^1.0.0',
116 silly install resolved        deprecated: '^0.0.1',
116 silly install resolved        'gulp-util': '^3.0.0',
116 silly install resolved        interpret: '^0.6.2',
116 silly install resolved        liftoff: '^2.1.0',
116 silly install resolved        minimist: '^1.1.0',
116 silly install resolved        orchestrator: '^0.3.0',
116 silly install resolved        'pretty-hrtime': '^1.0.0',
116 silly install resolved        semver: '^4.1.0',
116 silly install resolved        tildify: '^1.0.0',
116 silly install resolved        v8flags: '^2.0.2',
116 silly install resolved        'vinyl-fs': '^0.3.0' },
116 silly install resolved     devDependencies:
116 silly install resolved      { coveralls: '^2.7.0',
116 silly install resolved        'graceful-fs': '^3.0.0',
116 silly install resolved        istanbul: '^0.3.0',
116 silly install resolved        jscs: '~1.12.0',
116 silly install resolved        jshint: '^2.5.0',
116 silly install resolved        'jshint-stylish': '^1.0.0',
116 silly install resolved        'marked-man': '^0.1.3',
116 silly install resolved        mkdirp: '^0.5.0',
116 silly install resolved        mocha: '^2.0.1',
116 silly install resolved        'mocha-lcov-reporter': '^0.0.1',
116 silly install resolved        q: '^1.0.0',
116 silly install resolved        rimraf: '^2.2.5',
116 silly install resolved        should: '^5.0.1' },
116 silly install resolved     scripts:
116 silly install resolved      { prepublish: 'marked-man --name gulp docs/CLI.md > gulp.1',
116 silly install resolved        lint: 'jshint lib bin test index.js --reporter node_modules/jshint-stylish/stylish.js --exclude node_modules && jscs lib bin test index.js',
116 silly install resolved        test: 'npm run-script lint && mocha --reporter spec',
116 silly install resolved        coveralls: 'istanbul cover _mocha --report lcovonly -- -R spec && cat ./coverage/lcov.info | coveralls && rm -rf ./coverage' },
116 silly install resolved     engines: { node: '>= 0.9' },
116 silly install resolved     license: 'MIT',
116 silly install resolved     gitHead: '657213a52d5e9c19b85df6a42f76341a98c08ae8',
116 silly install resolved     bugs: { url: 'https://github.com/gulpjs/gulp/issues' },
116 silly install resolved     _id: 'gulp@3.9.0',
116 silly install resolved     _shasum: 'cf1fba4cb558bb8c6ae6c9613f583ae2620d214a',
116 silly install resolved     _from: 'gulp@>=3.8.8 <4.0.0',
116 silly install resolved     _npmVersion: '2.8.3',
116 silly install resolved     _nodeVersion: '0.10.36',
116 silly install resolved     _npmUser: { name: 'phated', email: 'blaine@iceddev.com' },
116 silly install resolved     maintainers: [ [Object], [Object] ],
116 silly install resolved     dist:
116 silly install resolved      { shasum: 'cf1fba4cb558bb8c6ae6c9613f583ae2620d214a',
116 silly install resolved        tarball: 'http://registry.npmjs.org/gulp/-/gulp-3.9.0.tgz' },
116 silly install resolved     directories: {},
116 silly install resolved     _resolved: 'https://registry.npmjs.org/gulp/-/gulp-3.9.0.tgz',
116 silly install resolved     readme: 'ERROR: No README data found!' },
116 silly install resolved   { name: 'laravel-elixir',
116 silly install resolved     version: '2.3.13',
116 silly install resolved     description: 'Laravel Elixir Core',
116 silly install resolved     main: 'index.js',
116 silly install resolved     scripts: { test: 'echo "Error: no test specified" && exit 1' },
116 silly install resolved     repository:
116 silly install resolved      { type: 'git',
116 silly install resolved        url: 'git+https://github.com/laravel/elixir.git' },
116 silly install resolved     keywords: [ 'laravel', 'elixir', 'gulp' ],
116 silly install resolved     author: { name: 'Taylor Otwell, Jeffrey Way' },
116 silly install resolved     license: 'MIT',
116 silly install resolved     homepage: 'https://github.com/laravel/elixir',
116 silly install resolved     dependencies:
116 silly install resolved      { babelify: '^6.0.0',
116 silly install resolved        browserify: '^9.0.4',
116 silly install resolved        del: '^0.1.3',
116 silly install resolved        'gulp-autoprefixer': '^1.0.1',
116 silly install resolved        'gulp-babel': '^5.1.0',
116 silly install resolved        'gulp-coffee': '^2.2.0',
116 silly install resolved        'gulp-concat': '^2.4.1',
116 silly install resolved        'gulp-filter': '^1.0.2',
116 silly install resolved        'gulp-if': '^1.2.5',
116 silly install resolved        'gulp-less': '^3.0.2',
116 silly install resolved        'gulp-load-plugins': '^0.7.0',
116 silly install resolved        'gulp-minify-css': '^0.3.10',
116 silly install resolved        'gulp-notify': '^1.8.0',
116 silly install resolved        'gulp-phpspec': '^0.4.2',
116 silly install resolved        'gulp-phpunit': '^0.6.3',
116 silly install resolved        'gulp-rename': '^1.2.0',
116 silly install resolved        'gulp-rev': '^2.0.0',
116 silly install resolved        'gulp-ruby-sass': '^1.0.1',
116 silly install resolved        'gulp-sass': '^2.0.0',
116 silly install resolved        'gulp-shell': '^0.2.9',
116 silly install resolved        'gulp-sourcemaps': '^1.3.0',
116 silly install resolved        'gulp-uglify': '^1.0.1',
116 silly install resolved        'gulp-util': '^3.0.1',
116 silly install resolved        install: '^0.1.7',
116 silly install resolved        'merge-stream': '^0.1.7',
116 silly install resolved        npm: '^2.1.2',
116 silly install resolved        'parse-filepath': '^0.5.0',
116 silly install resolved        partialify: '^3.1.3',
116 silly install resolved        'require-dir': '^0.1.0',
116 silly install resolved        'run-sequence': '^1.0.1',
116 silly install resolved        underscore: '^1.7.0',
116 silly install resolved        'vinyl-buffer': '^1.0.0',
116 silly install resolved        'vinyl-paths': '^1.0.0',
116 silly install resolved        'vinyl-source-stream': '^1.1.0',
116 silly install resolved        watchify: '^3.2.2' },
116 silly install resolved     devDependencies: { gulp: '^3.8.8' },
116 silly install resolved     gitHead: '9850d8be77399916a43a3faf4912727f4cb9b6b8',
116 silly install resolved     bugs: { url: 'https://github.com/laravel/elixir/issues' },
116 silly install resolved     _id: 'laravel-elixir@2.3.13',
116 silly install resolved     _shasum: 'cdfa7bacc2601cfd38288c53fcd9f38126de3d8f',
116 silly install resolved     _from: 'laravel-elixir@>=2.0.0 <3.0.0',
116 silly install resolved     _npmVersion: '2.10.1',
116 silly install resolved     _nodeVersion: '0.12.4',
116 silly install resolved     _npmUser: { name: 'jeffreyway', email: 'jeffrey@laracasts.com' },
116 silly install resolved     maintainers: [ [Object] ],
116 silly install resolved     dist:
116 silly install resolved      { shasum: 'cdfa7bacc2601cfd38288c53fcd9f38126de3d8f',
116 silly install resolved        tarball: 'http://registry.npmjs.org/laravel-elixir/-/laravel-elixir-2.3.13.tgz' },
116 silly install resolved     directories: {},
116 silly install resolved     _resolved: 'https://registry.npmjs.org/laravel-elixir/-/laravel-elixir-2.3.13.tgz' },
116 silly install resolved   { name: 'bootstrap-sass',
116 silly install resolved     version: '3.3.5',
116 silly install resolved     description: 'bootstrap-sass is a Sass-powered version of Bootstrap, ready to drop right into your Sass powered applications.',
116 silly install resolved     main: 'assets/javascripts/bootstrap.js',
116 silly install resolved     repository: { type: 'git', url: 'git://github.com/twbs/bootstrap-sass' },
116 silly install resolved     keywords: [ 'bootstrap', 'sass', 'css' ],
116 silly install resolved     contributors: [ [Object], [Object], [Object], [Object] ],
116 silly install resolved     license: 'MIT',
116 silly install resolved     bugs: { url: 'https://github.com/twbs/bootstrap-sass/issues' },
116 silly install resolved     devDependencies: { 'node-sass': '~2.0', mincer: '~1.2', ejs: '~1.0' },
116 silly install resolved     gitHead: 'd64d48fd23c9624cc5c996e6516b7dc33fde5919',
116 silly install resolved     homepage: 'https://github.com/twbs/bootstrap-sass',
116 silly install resolved     _id: 'bootstrap-sass@3.3.5',
116 silly install resolved     scripts: {},
116 silly install resolved     _shasum: '89f213751ee01cde0dc1f63a51e9b3521dd20ebc',
116 silly install resolved     _from: 'bootstrap-sass@>=3.0.0 <4.0.0',
116 silly install resolved     _npmVersion: '2.1.4',
116 silly install resolved     _nodeVersion: '0.10.32',
116 silly install resolved     _npmUser: { name: 'glebm', email: 'glex.spb@gmail.com' },
116 silly install resolved     maintainers: [ [Object], [Object] ],
116 silly install resolved     dist:
116 silly install resolved      { shasum: '89f213751ee01cde0dc1f63a51e9b3521dd20ebc',
116 silly install resolved        tarball: 'http://registry.npmjs.org/bootstrap-sass/-/bootstrap-sass-3.3.5.tgz' },
116 silly install resolved     directories: {},
116 silly install resolved     _resolved: 'https://registry.npmjs.org/bootstrap-sass/-/bootstrap-sass-3.3.5.tgz' } ]
117 info install gulp@3.9.0 into /Users/sotaque/Desktop/Vagrant/www/html/laravel
118 info install laravel-elixir@2.3.13 into /Users/sotaque/Desktop/Vagrant/www/html/laravel
119 info install bootstrap-sass@3.3.5 into /Users/sotaque/Desktop/Vagrant/www/html/laravel
120 info installOne gulp@3.9.0
121 verbose installOne of gulp to /Users/sotaque/Desktop/Vagrant/www/html/laravel not in flight; installing
122 info installOne laravel-elixir@2.3.13
123 verbose installOne of laravel-elixir to /Users/sotaque/Desktop/Vagrant/www/html/laravel not in flight; installing
124 info installOne bootstrap-sass@3.3.5
125 verbose installOne of bootstrap-sass to /Users/sotaque/Desktop/Vagrant/www/html/laravel not in flight; installing
126 warn locking Error: EACCES, open '/Users/sotaque/.npm/_locks/gulp-c3c8a10cc9bdf0d4.lock'
126 warn locking     at Error (native)
126 warn locking  /Users/sotaque/.npm/_locks/gulp-c3c8a10cc9bdf0d4.lock failed { [Error: EACCES, open '/Users/sotaque/.npm/_locks/gulp-c3c8a10cc9bdf0d4.lock']
126 warn locking   errno: -13,
126 warn locking   code: 'EACCES',
126 warn locking   path: '/Users/sotaque/.npm/_locks/gulp-c3c8a10cc9bdf0d4.lock' }
127 verbose stack Error: Attempt to unlock /Users/sotaque/Desktop/Vagrant/www/html/laravel/node_modules/gulp, which hasn't been locked
127 verbose stack     at unlock (/usr/local/lib/node_modules/npm/lib/utils/locker.js:66:11)
127 verbose stack     at cb (/usr/local/lib/node_modules/npm/lib/install.js:1017:5)
127 verbose stack     at /usr/local/lib/node_modules/npm/lib/install.js:1021:20
127 verbose stack     at /usr/local/lib/node_modules/npm/lib/utils/locker.js:40:9
127 verbose stack     at cb (/usr/local/lib/node_modules/npm/node_modules/lockfile/lockfile.js:149:38)
127 verbose stack     at /usr/local/lib/node_modules/npm/node_modules/lockfile/lockfile.js:177:38
127 verbose stack     at FSReqWrap.oncomplete (fs.js:95:15)
128 verbose cwd /Users/sotaque/Desktop/Vagrant/www/html/laravel
129 error Darwin 14.4.0
130 error argv "node" "/usr/local/bin/npm" "install"
131 error node v0.12.7
132 error npm  v2.11.3
133 error Attempt to unlock /Users/sotaque/Desktop/Vagrant/www/html/laravel/node_modules/gulp, which hasn't been locked
134 error If you need help, you may report this error at:
134 error     <https://github.com/npm/npm/issues>
135 verbose exit [ 1, true ]
